This file contains any messages produced by compilers while
running configure, to aid debugging if configure makes a mistake.

It was created by PSBLAS_EXT configure 1.0, which was
generated by GNU Autoconf 2.68.  Invocation command line was

  $ ./configure --with-psblas=/usr/local/psblas-3.0 --with-librsb=/home/alex/Scrivania/PSBLAS/svn_librsb

## --------- ##
## Platform. ##
## --------- ##

hostname = hercules
uname -m = x86_64
uname -r = 3.2.0-55-generic
uname -s = Linux
uname -v = #85-Ubuntu SMP Wed Oct 2 12:29:27 UTC 2013

/usr/bin/uname -p = unknown
/bin/uname -X     = unknown

/bin/arch              = unknown
/usr/bin/arch -k       = unknown
/usr/convex/getsysinfo = unknown
/usr/bin/hostinfo      = unknown
/bin/machine           = unknown
/usr/bin/oslevel       = unknown
/bin/universe          = unknown

PATH: /usr/lib/lightdm/lightdm
PATH: /usr/local/sbin
PATH: /usr/local/bin
PATH: /usr/sbin
PATH: /usr/bin
PATH: /sbin
PATH: /bin
PATH: /usr/games
PATH: /usr/local/openmpi-1.6.1/bin
PATH: /usr/local/openmpi-1.6.1/include
PATH: /usr/local/cuda/bin
PATH: /home/alex/ddt/bin


## ----------- ##
## Core tests. ##
## ----------- ##

configure:2358:
 --------------------------------------------------------------------------------
     	Welcome to the PSBLAS_EXT 1.0 configure Script.

 	This  creates Make.inc, but if you read carefully the
	docum entation, you can make your own by hand for your needs.

        ./configure  --with-psblas=/path/to/psblas --with-librsb=/path/to/librsb
	See ./configure --help=short fore more info.
--------------------------------------------------------------------------------
		
configure:2387: checking for PSBLAS install dir
configure:2397: result: /usr/local/psblas-3.0
configure:2452: checking for gcc
configure:2468: found /usr/bin/gcc
configure:2479: result: gcc
configure:2708: checking for C compiler version
configure:2717: gcc --version >&5
gcc (Ubuntu/Linaro 4.7.3-2ubuntu1~12.04) 4.7.3
Copyright (C) 2012 Free Software Foundation, Inc.
This is free software; see the source for copying conditions.  There is NO
warranty; not even for MERCHANTABILITY or FITNESS FOR A PARTICULAR PURPOSE.

configure:2728: $? = 0
configure:2717: gcc -v >&5
Using built-in specs.
COLLECT_GCC=gcc
COLLECT_LTO_WRAPPER=/usr/lib/gcc/x86_64-linux-gnu/4.7/lto-wrapper
Target: x86_64-linux-gnu
Configured with: ../src/configure -v --with-pkgversion='Ubuntu/Linaro 4.7.3-2ubuntu1~12.04' --with-bugurl=file:///usr/share/doc/gcc-4.7/README.Bugs --enable-languages=c,c++,go,fortran,objc,obj-c++ --prefix=/usr --program-suffix=-4.7 --enable-shared --enable-linker-build-id --libexecdir=/usr/lib --without-included-gettext --enable-threads=posix --with-gxx-include-dir=/usr/include/c++/4.7 --libdir=/usr/lib --enable-nls --with-sysroot=/ --enable-clocale=gnu --enable-libstdcxx-debug --enable-libstdcxx-time=yes --enable-gnu-unique-object --enable-plugin --with-system-zlib --enable-objc-gc --enable-multiarch --disable-werror --with-arch-32=i686 --with-abi=m64 --with-multilib-list=m32,m64 --with-tune=generic --enable-checking=release --build=x86_64-linux-gnu --host=x86_64-linux-gnu --target=x86_64-linux-gnu
Thread model: posix
gcc version 4.7.3 (Ubuntu/Linaro 4.7.3-2ubuntu1~12.04) 
configure:2728: $? = 0
configure:2717: gcc -V >&5
gcc: error: unrecognized command line option '-V'
gcc: fatal error: no input files
compilation terminated.
configure:2728: $? = 4
configure:2717: gcc -qversion >&5
gcc: error: unrecognized command line option '-qversion'
gcc: fatal error: no input files
compilation terminated.
configure:2728: $? = 4
configure:2748: checking whether the C compiler works
configure:2770: gcc    conftest.c  >&5
configure:2774: $? = 0
configure:2822: result: yes
configure:2825: checking for C compiler default output file name
configure:2827: result: a.out
configure:2833: checking for suffix of executables
configure:2840: gcc -o conftest    conftest.c  >&5
configure:2844: $? = 0
configure:2866: result: 
configure:2888: checking whether we are cross compiling
configure:2896: gcc -o conftest    conftest.c  >&5
configure:2900: $? = 0
configure:2907: ./conftest
configure:2911: $? = 0
configure:2926: result: no
configure:2931: checking for suffix of object files
configure:2953: gcc -c   conftest.c >&5
configure:2957: $? = 0
configure:2978: result: o
configure:2982: checking whether we are using the GNU C compiler
configure:3001: gcc -c   conftest.c >&5
configure:3001: $? = 0
configure:3010: result: yes
configure:3019: checking whether gcc accepts -g
configure:3039: gcc -c -g  conftest.c >&5
configure:3039: $? = 0
configure:3080: result: yes
configure:3097: checking for gcc option to accept ISO C89
configure:3161: gcc  -c -g -O2  conftest.c >&5
configure:3161: $? = 0
configure:3174: result: none needed
configure:3200: checking how to run the C preprocessor
configure:3231: gcc -E  conftest.c
configure:3231: $? = 0
configure:3245: gcc -E  conftest.c
conftest.c:9:28: fatal error: ac_nonexistent.h: No such file or directory
compilation terminated.
configure:3245: $? = 1
configure: failed program was:
| /* confdefs.h */
| #define PACKAGE_NAME "PSBLAS_EXT"
| #define PACKAGE_TARNAME "psblas_ext"
| #define PACKAGE_VERSION "1.0"
| #define PACKAGE_STRING "PSBLAS_EXT 1.0"
| #define PACKAGE_BUGREPORT "salvatore.filippone@uniroma2.it"
| #define PACKAGE_URL ""
| /* end confdefs.h.  */
| #include <ac_nonexistent.h>
configure:3270: result: gcc -E
configure:3290: gcc -E  conftest.c
configure:3290: $? = 0
configure:3304: gcc -E  conftest.c
conftest.c:9:28: fatal error: ac_nonexistent.h: No such file or directory
compilation terminated.
configure:3304: $? = 1
configure: failed program was:
| /* confdefs.h */
| #define PACKAGE_NAME "PSBLAS_EXT"
| #define PACKAGE_TARNAME "psblas_ext"
| #define PACKAGE_VERSION "1.0"
| #define PACKAGE_STRING "PSBLAS_EXT 1.0"
| #define PACKAGE_BUGREPORT "salvatore.filippone@uniroma2.it"
| #define PACKAGE_URL ""
| /* end confdefs.h.  */
| #include <ac_nonexistent.h>
configure:3333: checking for grep that handles long lines and -e
configure:3391: result: /bin/grep
configure:3396: checking for egrep
configure:3458: result: /bin/grep -E
configure:3463: checking for ANSI C header files
configure:3483: gcc -c -g -O2  conftest.c >&5
configure:3483: $? = 0
configure:3556: gcc -o conftest -g -O2   conftest.c  >&5
configure:3556: $? = 0
configure:3556: ./conftest
configure:3556: $? = 0
configure:3567: result: yes
configure:3580: checking for sys/types.h
configure:3580: gcc -c -g -O2  conftest.c >&5
configure:3580: $? = 0
configure:3580: result: yes
configure:3580: checking for sys/stat.h
configure:3580: gcc -c -g -O2  conftest.c >&5
configure:3580: $? = 0
configure:3580: result: yes
configure:3580: checking for stdlib.h
configure:3580: gcc -c -g -O2  conftest.c >&5
configure:3580: $? = 0
configure:3580: result: yes
configure:3580: checking for string.h
configure:3580: gcc -c -g -O2  conftest.c >&5
configure:3580: $? = 0
configure:3580: result: yes
configure:3580: checking for memory.h
configure:3580: gcc -c -g -O2  conftest.c >&5
configure:3580: $? = 0
configure:3580: result: yes
configure:3580: checking for strings.h
configure:3580: gcc -c -g -O2  conftest.c >&5
configure:3580: $? = 0
configure:3580: result: yes
configure:3580: checking for inttypes.h
configure:3580: gcc -c -g -O2  conftest.c >&5
configure:3580: $? = 0
configure:3580: result: yes
configure:3580: checking for stdint.h
configure:3580: gcc -c -g -O2  conftest.c >&5
configure:3580: $? = 0
configure:3580: result: yes
configure:3580: checking for unistd.h
configure:3580: gcc -c -g -O2  conftest.c >&5
configure:3580: $? = 0
configure:3580: result: yes
configure:3612: checking /home/alex/Scrivania/PSBLAS/svn_librsb/rsb.h usability
configure:3612: gcc -c -g -O2  conftest.c >&5
configure:3612: $? = 0
configure:3612: result: yes
configure:3612: checking /home/alex/Scrivania/PSBLAS/svn_librsb/rsb.h presence
configure:3612: gcc -E  conftest.c
configure:3612: $? = 0
configure:3612: result: yes
configure:3612: checking for /home/alex/Scrivania/PSBLAS/svn_librsb/rsb.h
configure:3612: result: yes
configure:3649: checking for LIBRSB install dir
configure:3660: result: /home/alex/Scrivania/PSBLAS/svn_librsb
configure:3712: checking for a BSD-compatible install
configure:3780: result: /usr/bin/install -c
configure:3792: checking where to install
configure:3810: result: /usr/local/psblasgpu /usr/local/psblasgpu/include /usr/local/psblasgpu/lib /usr/local/psblasgpu/docs
configure:3870: checking for ftn
configure:3900: result: no
configure:3870: checking for xlf2003
configure:3900: result: no
configure:3870: checking for xlf95
configure:3900: result: no
configure:3870: checking for xlf90
configure:3900: result: no
configure:3870: checking for xlf
configure:3900: result: no
configure:3870: checking for pgf95
configure:3900: result: no
configure:3870: checking for pgf90
configure:3900: result: no
configure:3870: checking for ifort
configure:3900: result: no
configure:3870: checking for ifc
configure:3900: result: no
configure:3870: checking for nagfor
configure:3900: result: no
configure:3870: checking for gfortran
configure:3886: found /usr/bin/gfortran
configure:3897: result: gfortran
configure:3923: checking for Fortran compiler version
configure:3932: gfortran --version >&5
GNU Fortran (Ubuntu/Linaro 4.7.3-2ubuntu1~12.04) 4.7.3
Copyright (C) 2012 Free Software Foundation, Inc.

GNU Fortran comes with NO WARRANTY, to the extent permitted by law.
You may redistribute copies of GNU Fortran
under the terms of the GNU General Public License.
For more information about these matters, see the file named COPYING

configure:3943: $? = 0
configure:3932: gfortran -v >&5
Using built-in specs.
COLLECT_GCC=gfortran
COLLECT_LTO_WRAPPER=/usr/lib/gcc/x86_64-linux-gnu/4.7/lto-wrapper
Target: x86_64-linux-gnu
Configured with: ../src/configure -v --with-pkgversion='Ubuntu/Linaro 4.7.3-2ubuntu1~12.04' --with-bugurl=file:///usr/share/doc/gcc-4.7/README.Bugs --enable-languages=c,c++,go,fortran,objc,obj-c++ --prefix=/usr --program-suffix=-4.7 --enable-shared --enable-linker-build-id --libexecdir=/usr/lib --without-included-gettext --enable-threads=posix --with-gxx-include-dir=/usr/include/c++/4.7 --libdir=/usr/lib --enable-nls --with-sysroot=/ --enable-clocale=gnu --enable-libstdcxx-debug --enable-libstdcxx-time=yes --enable-gnu-unique-object --enable-plugin --with-system-zlib --enable-objc-gc --enable-multiarch --disable-werror --with-arch-32=i686 --with-abi=m64 --with-multilib-list=m32,m64 --with-tune=generic --enable-checking=release --build=x86_64-linux-gnu --host=x86_64-linux-gnu --target=x86_64-linux-gnu
Thread model: posix
gcc version 4.7.3 (Ubuntu/Linaro 4.7.3-2ubuntu1~12.04) 
configure:3943: $? = 0
configure:3932: gfortran -V >&5
gfortran: error: unrecognized command line option '-V'
gfortran: fatal error: no input files
compilation terminated.
configure:3943: $? = 4
configure:3932: gfortran -qversion >&5
gfortran: error: unrecognized command line option '-qversion'
gfortran: fatal error: no input files
compilation terminated.
configure:3943: $? = 4
configure:3952: checking whether we are using the GNU Fortran compiler
configure:3965: gfortran -c   conftest.F >&5
configure:3965: $? = 0
configure:3974: result: yes
configure:3980: checking whether gfortran accepts -g
configure:3991: gfortran -c -g  conftest.f >&5
configure:3991: $? = 0
configure:3999: result: yes
configure:4135: checking for C compiler version
configure:4144: gcc --version >&5
gcc (Ubuntu/Linaro 4.7.3-2ubuntu1~12.04) 4.7.3
Copyright (C) 2012 Free Software Foundation, Inc.
This is free software; see the source for copying conditions.  There is NO
warranty; not even for MERCHANTABILITY or FITNESS FOR A PARTICULAR PURPOSE.

configure:4155: $? = 0
configure:4144: gcc -v >&5
Using built-in specs.
COLLECT_GCC=gcc
COLLECT_LTO_WRAPPER=/usr/lib/gcc/x86_64-linux-gnu/4.7/lto-wrapper
Target: x86_64-linux-gnu
Configured with: ../src/configure -v --with-pkgversion='Ubuntu/Linaro 4.7.3-2ubuntu1~12.04' --with-bugurl=file:///usr/share/doc/gcc-4.7/README.Bugs --enable-languages=c,c++,go,fortran,objc,obj-c++ --prefix=/usr --program-suffix=-4.7 --enable-shared --enable-linker-build-id --libexecdir=/usr/lib --without-included-gettext --enable-threads=posix --with-gxx-include-dir=/usr/include/c++/4.7 --libdir=/usr/lib --enable-nls --with-sysroot=/ --enable-clocale=gnu --enable-libstdcxx-debug --enable-libstdcxx-time=yes --enable-gnu-unique-object --enable-plugin --with-system-zlib --enable-objc-gc --enable-multiarch --disable-werror --with-arch-32=i686 --with-abi=m64 --with-multilib-list=m32,m64 --with-tune=generic --enable-checking=release --build=x86_64-linux-gnu --host=x86_64-linux-gnu --target=x86_64-linux-gnu
Thread model: posix
gcc version 4.7.3 (Ubuntu/Linaro 4.7.3-2ubuntu1~12.04) 
configure:4155: $? = 0
configure:4144: gcc -V >&5
gcc: error: unrecognized command line option '-V'
gcc: fatal error: no input files
compilation terminated.
configure:4155: $? = 4
configure:4144: gcc -qversion >&5
gcc: error: unrecognized command line option '-qversion'
gcc: fatal error: no input files
compilation terminated.
configure:4155: $? = 4
configure:4159: checking whether we are using the GNU C compiler
configure:4187: result: yes
configure:4196: checking whether gcc accepts -g
configure:4257: result: yes
configure:4274: checking for gcc option to accept ISO C89
configure:4351: result: none needed
configure:4388: checking whether additional libraries are needed
configure:4399: result: no
configure:4416: checking whether we want serial (fake) mpi
configure:4431: result: no.
configure:4450: checking for mpxlc
configure:4480: result: no
configure:4450: checking for mpcc
configure:4480: result: no
configure:4450: checking for mpicc
configure:4466: found /usr/local/openmpi-1.6.1/bin/mpicc
configure:4477: result: mpicc
configure:4498: checking for mpicc
configure:4525: result: mpicc
configure:4543: checking for MPI_Init
configure:4543: mpicc -o conftest -g -O2   conftest.c  >&5
configure:4543: $? = 0
configure:4543: result: yes
configure:4636: checking for mpi.h
configure:4649: mpicc -c -g -O2  conftest.c >&5
configure:4649: $? = 0
configure:4650: result: yes
configure:4686: checking for mpxlf
configure:4716: result: no
configure:4686: checking for mpf77
configure:4716: result: no
configure:4686: checking for mpif77
configure:4702: found /usr/local/openmpi-1.6.1/bin/mpif77
configure:4713: result: mpif77
configure:4778: checking for g77
configure:4808: result: no
configure:4778: checking for xlf
configure:4808: result: no
configure:4778: checking for f77
configure:4808: result: no
configure:4778: checking for frt
configure:4808: result: no
configure:4778: checking for pgf77
configure:4808: result: no
configure:4778: checking for cf77
configure:4808: result: no
configure:4778: checking for fort77
configure:4808: result: no
configure:4778: checking for fl32
configure:4808: result: no
configure:4778: checking for af77
configure:4808: result: no
configure:4778: checking for xlf90
configure:4808: result: no
configure:4778: checking for f90
configure:4808: result: no
configure:4778: checking for pgf90
configure:4808: result: no
configure:4778: checking for pghpf
configure:4808: result: no
configure:4778: checking for epcf90
configure:4808: result: no
configure:4778: checking for gfortran
configure:4794: found /usr/bin/gfortran
configure:4805: result: gfortran
configure:4831: checking for Fortran 77 compiler version
configure:4840: gfortran --version >&5
GNU Fortran (Ubuntu/Linaro 4.7.3-2ubuntu1~12.04) 4.7.3
Copyright (C) 2012 Free Software Foundation, Inc.

GNU Fortran comes with NO WARRANTY, to the extent permitted by law.
You may redistribute copies of GNU Fortran
under the terms of the GNU General Public License.
For more information about these matters, see the file named COPYING

configure:4851: $? = 0
configure:4840: gfortran -v >&5
Using built-in specs.
COLLECT_GCC=gfortran
COLLECT_LTO_WRAPPER=/usr/lib/gcc/x86_64-linux-gnu/4.7/lto-wrapper
Target: x86_64-linux-gnu
Configured with: ../src/configure -v --with-pkgversion='Ubuntu/Linaro 4.7.3-2ubuntu1~12.04' --with-bugurl=file:///usr/share/doc/gcc-4.7/README.Bugs --enable-languages=c,c++,go,fortran,objc,obj-c++ --prefix=/usr --program-suffix=-4.7 --enable-shared --enable-linker-build-id --libexecdir=/usr/lib --without-included-gettext --enable-threads=posix --with-gxx-include-dir=/usr/include/c++/4.7 --libdir=/usr/lib --enable-nls --with-sysroot=/ --enable-clocale=gnu --enable-libstdcxx-debug --enable-libstdcxx-time=yes --enable-gnu-unique-object --enable-plugin --with-system-zlib --enable-objc-gc --enable-multiarch --disable-werror --with-arch-32=i686 --with-abi=m64 --with-multilib-list=m32,m64 --with-tune=generic --enable-checking=release --build=x86_64-linux-gnu --host=x86_64-linux-gnu --target=x86_64-linux-gnu
Thread model: posix
gcc version 4.7.3 (Ubuntu/Linaro 4.7.3-2ubuntu1~12.04) 
configure:4851: $? = 0
configure:4840: gfortran -V >&5
gfortran: error: unrecognized command line option '-V'
gfortran: fatal error: no input files
compilation terminated.
configure:4851: $? = 4
configure:4840: gfortran -qversion >&5
gfortran: error: unrecognized command line option '-qversion'
gfortran: fatal error: no input files
compilation terminated.
configure:4851: $? = 4
configure:4860: checking whether we are using the GNU Fortran 77 compiler
configure:4873: gfortran -c  conftest.F >&5
configure:4873: $? = 0
configure:4882: result: yes
configure:4888: checking whether gfortran accepts -g
configure:4899: gfortran -c -g conftest.f >&5
configure:4899: $? = 0
configure:4907: result: yes
configure:4945: checking for mpif77
configure:4972: result: mpif77
configure:5128: checking for mpif.h
configure:5135: mpif77 -c -g -O2 conftest.f >&5
configure:5135: $? = 0
configure:5136: result: yes
configure:5174: checking for mpxlf2003_r
configure:5204: result: no
configure:5174: checking for mpxlf2003
configure:5204: result: no
configure:5174: checking for mpxlf95_r
configure:5204: result: no
configure:5174: checking for mpxlf90
configure:5204: result: no
configure:5174: checking for mpf95
configure:5204: result: no
configure:5174: checking for mpf90
configure:5204: result: no
configure:5174: checking for mpif95
configure:5204: result: no
configure:5174: checking for mpif90
configure:5190: found /usr/local/openmpi-1.6.1/bin/mpif90
configure:5201: result: mpif90
configure:5224: checking for mpif90
configure:5251: result: mpif90
configure:5407: checking for mpif.h
configure:5414: mpif90 -c -g -O2  conftest.f >&5
configure:5414: $? = 0
configure:5415: result: yes
configure:5500: checking for mpif77
configure:5527: result: mpif77
configure:5683: checking for mpif.h
configure:5690: mpif77 -c -g -O2 conftest.f >&5
configure:5690: $? = 0
configure:5691: result: yes
configure:5788: checking for ranlib
configure:5804: found /usr/bin/ranlib
configure:5815: result: ranlib
configure:5840: checking whether build environment is sane

## ---------------- ##
## Cache variables. ##
## ---------------- ##

ac_cv_c_compiler_gnu=yes
ac_cv_env_CC_set=
ac_cv_env_CC_value=
ac_cv_env_CFLAGS_set=
ac_cv_env_CFLAGS_value=
ac_cv_env_CPPFLAGS_set=
ac_cv_env_CPPFLAGS_value=
ac_cv_env_CPP_set=
ac_cv_env_CPP_value=
ac_cv_env_F77_set=
ac_cv_env_F77_value=
ac_cv_env_FCFLAGS_set=
ac_cv_env_FCFLAGS_value=
ac_cv_env_FC_set=
ac_cv_env_FC_value=
ac_cv_env_FFLAGS_set=
ac_cv_env_FFLAGS_value=
ac_cv_env_LDFLAGS_set=
ac_cv_env_LDFLAGS_value=
ac_cv_env_LIBS_set=
ac_cv_env_LIBS_value=
ac_cv_env_MPICC_set=
ac_cv_env_MPICC_value=
ac_cv_env_MPIF77_set=
ac_cv_env_MPIF77_value=
ac_cv_env_MPIFC_set=
ac_cv_env_MPIFC_value=
ac_cv_env_build_alias_set=
ac_cv_env_build_alias_value=
ac_cv_env_host_alias_set=
ac_cv_env_host_alias_value=
ac_cv_env_target_alias_set=
ac_cv_env_target_alias_value=
ac_cv_f77_compiler_gnu=yes
ac_cv_fc_compiler_gnu=yes
ac_cv_func_MPI_Init=yes
ac_cv_header__home_alex_Scrivania_PSBLAS_svn_librsb_rsb_h=yes
ac_cv_header_inttypes_h=yes
ac_cv_header_memory_h=yes
ac_cv_header_stdc=yes
ac_cv_header_stdint_h=yes
ac_cv_header_stdlib_h=yes
ac_cv_header_string_h=yes
ac_cv_header_strings_h=yes
ac_cv_header_sys_stat_h=yes
ac_cv_header_sys_types_h=yes
ac_cv_header_unistd_h=yes
ac_cv_objext=o
ac_cv_path_EGREP='/bin/grep -E'
ac_cv_path_GREP=/bin/grep
ac_cv_path_install='/usr/bin/install -c'
ac_cv_prog_CPP='gcc -E'
ac_cv_prog_MPICC=mpicc
ac_cv_prog_MPIF77=mpif77
ac_cv_prog_MPIFC=mpif90
ac_cv_prog_ac_ct_CC=gcc
ac_cv_prog_ac_ct_F77=gfortran
ac_cv_prog_ac_ct_FC=gfortran
ac_cv_prog_ac_ct_RANLIB=ranlib
ac_cv_prog_cc_c89=
ac_cv_prog_cc_g=yes
ac_cv_prog_f77_g=yes
ac_cv_prog_fc_g=yes
pac_cv_librsb_dir=/home/alex/Scrivania/PSBLAS/svn_librsb
pac_cv_psblas_dir=/usr/local/psblas-3.0
pac_cv_serial_mpi=no
pac_cv_status_file=/home/alex/Scrivania/PSBLAS/svn_librsb/librsb.a
psblas_ext_cv_version=1.0

## ----------------- ##
## Output variables. ##
## ----------------- ##

ACLOCAL=''
AMDEPBACKSLASH=''
AMDEP_FALSE=''
AMDEP_TRUE=''
AMTAR=''
AUTOCONF=''
AUTOHEADER=''
AUTOMAKE=''
AWK=''
CC='mpicc'
CCDEPMODE=''
CDEFINES='-DHAVE_SPGPU -DHAVE_CUDA '
CFLAGS='-g -O2'
CPP='gcc -E'
CPPFLAGS=''
CYGPATH_W=''
DEFS=''
DEPDIR=''
ECHO_C=''
ECHO_N='-n'
ECHO_T=''
EGREP='/bin/grep -E'
EXEEXT=''
F77='mpif77'
FC='mpif90'
FCFLAGS='-g -O2'
FDEFINES=' '
FFLAGS='-g -O2'
GREP='/bin/grep'
INSTALL='/usr/bin/install -c'
INSTALL_DATA='${INSTALL} -m 644'
INSTALL_DIR='/usr/local/psblasgpu'
INSTALL_DOCSDIR='/usr/local/psblasgpu/docs'
INSTALL_INCLUDEDIR='/usr/local/psblasgpu/include'
INSTALL_LIBDIR='/usr/local/psblasgpu/lib'
INSTALL_PROGRAM='${INSTALL}'
INSTALL_SCRIPT='${INSTALL}'
INSTALL_STRIP_PROGRAM=''
LDFLAGS=''
LIBOBJS=''
LIBRSB_DIR='/home/alex/Scrivania/PSBLAS/svn_librsb'
LIBRSB_INCDIR='/home/alex/Scrivania/PSBLAS/svn_librsb'
LIBRSB_INCLUDES='-I/home/alex/Scrivania/PSBLAS/svn_librsb'
LIBRSB_LIBS='-lrsb -L/home/alex/Scrivania/PSBLAS/svn_librsb'
LIBS=''
LTLIBOBJS=''
MAKEINFO=''
MKDIR_P=''
MPICC='mpicc'
MPIF77='mpif77'
MPIFC='mpif90'
MPILIBS=' '
OBJEXT='o'
PACKAGE=''
PACKAGE_BUGREPORT='salvatore.filippone@uniroma2.it'
PACKAGE_NAME='PSBLAS_EXT'
PACKAGE_STRING='PSBLAS_EXT 1.0'
PACKAGE_TARNAME='psblas_ext'
PACKAGE_URL=''
PACKAGE_VERSION='1.0'
PATH_SEPARATOR=':'
PSBLAS_DIR='/usr/local/psblas-3.0'
RANLIB='ranlib'
SET_MAKE=''
SHELL='/bin/bash'
STRIP=''
VERSION=''
ac_ct_CC='gcc'
ac_ct_F77='gfortran'
ac_ct_FC='gfortran'
am__EXEEXT_FALSE=''
am__EXEEXT_TRUE=''
am__fastdepCC_FALSE=''
am__fastdepCC_TRUE=''
am__include=''
am__isrc=''
am__leading_dot=''
am__nodep=''
am__quote=''
am__tar=''
am__untar=''
bindir='${exec_prefix}/bin'
build_alias=''
datadir='${datarootdir}'
datarootdir='${prefix}/share'
docdir='${datarootdir}/doc/${PACKAGE_TARNAME}'
dvidir='${docdir}'
exec_prefix='NONE'
host_alias=''
htmldir='${docdir}'
includedir='${prefix}/include'
infodir='${datarootdir}/info'
install_sh=''
libdir='${exec_prefix}/lib'
libexecdir='${exec_prefix}/libexec'
localedir='${datarootdir}/locale'
localstatedir='${prefix}/var'
mandir='${datarootdir}/man'
mkdir_p=''
oldincludedir='/usr/include'
pdfdir='${docdir}'
prefix='NONE'
program_transform_name='s,x,x,'
psdir='${docdir}'
sbindir='${exec_prefix}/sbin'
sharedstatedir='${prefix}/com'
sysconfdir='${prefix}/etc'
target_alias=''

## ----------- ##
## confdefs.h. ##
## ----------- ##

/* confdefs.h */
#define PACKAGE_NAME "PSBLAS_EXT"
#define PACKAGE_TARNAME "psblas_ext"
#define PACKAGE_VERSION "1.0"
#define PACKAGE_STRING "PSBLAS_EXT 1.0"
#define PACKAGE_BUGREPORT "salvatore.filippone@uniroma2.it"
#define PACKAGE_URL ""
#define STDC_HEADERS 1
#define HAVE_SYS_TYPES_H 1
#define HAVE_SYS_STAT_H 1
#define HAVE_STDLIB_H 1
#define HAVE_STRING_H 1
#define HAVE_MEMORY_H 1
#define HAVE_STRINGS_H 1
#define HAVE_INTTYPES_H 1
#define HAVE_STDINT_H 1
#define HAVE_UNISTD_H 1
#define HAVE_MPI 1
#define HAVE_MPI 1
#define HAVE_MPI 1
#define HAVE_MPI 1

configure: caught signal 2
configure: exit 1
